<?xml version="1.0" encoding="UTF-8"?>
<!-- Generated by org.testng.reporters.JUnitXMLReporter -->
<testsuite hostname="Oleg-Notebook" name="Test1" tests="4" failures="0" timestamp="2 Jul 2015 16:31:10 GMT" time="49.027" errors="0">
  <testcase name="testLogin" time="11.015" classname="selenium.tests.LoginTest"/>
  <testcase name="testAddFilm" time="11.438" classname="selenium.tests.AddFilm"/>
  <testcase name="testDelFilm" time="1.077" classname="selenium.tests.DelFilm"/>
  <testcase name="testLogout" time="2.689" classname="selenium.tests.Logout"/>
</testsuite> <!-- Test1 -->
