<?xml version="1.0" encoding="UTF-8"?>
<!-- Generated by org.testng.reporters.JUnitXMLReporter -->
<testsuite hostname="Oleg-Notebook" name="Test1" tests="4" failures="0" timestamp="16 Jul 2015 19:26:46 GMT" time="54.099" errors="0">
  <testcase name="testLogin" time="5.707" classname="selenium.tests.LoginTest"/>
  <testcase name="testAddFilm" time="6.606" classname="selenium.tests.AddFilmPositive"/>
  <testcase name="testSearchFilmNegative" time="2.801" classname="selenium.tests.SearchFilm"/>
  <testcase name="testLogout" time="1.038" classname="selenium.tests.Logout"/>
</testsuite> <!-- Test1 -->
