<?xml version="1.0" encoding="UTF-8"?>
<!-- Generated by org.testng.reporters.JUnitXMLReporter -->
<testsuite hostname="Oleg-Notebook" name="Test1" tests="4" failures="0" timestamp="1 Jul 2015 18:55:54 GMT" time="31.44" errors="0">
  <testcase name="testLogin" time="4.559" classname="selenium.tests.LoginTest"/>
  <testcase name="testAddFilm" time="4.471" classname="selenium.tests.AddFilm"/>
  <testcase name="testDelFilm" time="0.632" classname="selenium.tests.DelFilm"/>
  <testcase name="testLogout" time="0.594" classname="selenium.tests.Logout"/>
</testsuite> <!-- Test1 -->
