<?xml version="1.0" encoding="UTF-8"?>
<!-- Generated by org.testng.reporters.JUnitXMLReporter -->
<testsuite hostname="Oleg-Notebook" name="Test1" tests="5" failures="0" timestamp="16 Jul 2015 19:33:13 GMT" time="30.669" errors="0">
  <testcase name="testLogin" time="4.951" classname="selenium.tests.LoginTest"/>
  <testcase name="testAddFilm" time="5.028" classname="selenium.tests.AddFilmPositive"/>
  <testcase name="testSearchFilmNegative" time="2.942" classname="selenium.tests.SearchFilm"/>
  <testcase name="testSearchFilmPositive" time="2.777" classname="selenium.tests.SearchFilm"/>
  <testcase name="testLogout" time="1.028" classname="selenium.tests.Logout"/>
</testsuite> <!-- Test1 -->
