<?xml version="1.0" encoding="UTF-8"?>
<testng-results skipped="0" failed="0" total="1" passed="1">
  <reporter-output>
  </reporter-output>
  <suite name="Tests" duration-ms="7971" started-at="2015-07-01T18:18:04Z" finished-at="2015-07-01T18:18:12Z">
    <groups>
    </groups>
    <test name="Test1" duration-ms="7971" started-at="2015-07-01T18:18:04Z" finished-at="2015-07-01T18:18:12Z">
      <class name="selenium.tests.LoginTest">
        <test-method status="PASS" signature="init()[pri:0, instance:selenium.tests.LoginTest@1262a85]" name="init" is-config="true" duration-ms="3683" started-at="2015-07-01T21:18:04Z" finished-at="2015-07-01T21:18:08Z">
          <reporter-output>
          </reporter-output>
        </test-method> <!-- init -->
        <test-method status="PASS" signature="testLogin()[pri:0, instance:selenium.tests.LoginTest@1262a85]" name="testLogin" duration-ms="4245" started-at="2015-07-01T21:18:08Z" finished-at="2015-07-01T21:18:12Z">
          <reporter-output>
          </reporter-output>
        </test-method> <!-- testLogin -->
        <test-method status="PASS" signature="tearDown()[pri:0, instance:selenium.tests.LoginTest@1262a85]" name="tearDown" is-config="true" duration-ms="2861" started-at="2015-07-01T21:18:12Z" finished-at="2015-07-01T21:18:15Z">
          <reporter-output>
          </reporter-output>
        </test-method> <!-- tearDown -->
      </class> <!-- selenium.tests.LoginTest -->
    </test> <!-- Test1 -->
  </suite> <!-- Tests -->
</testng-results>
