<?xml version="1.0" encoding="UTF-8"?>
<testng-results skipped="0" failed="0" total="1" passed="1">
  <reporter-output>
  </reporter-output>
  <suite name="Default suite" duration-ms="19449" started-at="2015-07-01T16:46:58Z" finished-at="2015-07-01T16:47:17Z">
    <groups>
    </groups>
    <test name="Default test" duration-ms="19449" started-at="2015-07-01T16:46:58Z" finished-at="2015-07-01T16:47:17Z">
      <class name="selenium.tests.LoginTest">
        <test-method status="PASS" signature="init()[pri:0, instance:selenium.tests.LoginTest@1a49182]" name="init" is-config="true" duration-ms="9918" started-at="2015-07-01T19:46:58Z" finished-at="2015-07-01T19:47:08Z">
          <reporter-output>
          </reporter-output>
        </test-method> <!-- init -->
        <test-method status="PASS" signature="testLogin()[pri:0, instance:selenium.tests.LoginTest@1a49182]" name="testLogin" duration-ms="9455" started-at="2015-07-01T19:47:08Z" finished-at="2015-07-01T19:47:17Z">
          <reporter-output>
          </reporter-output>
        </test-method> <!-- testLogin -->
        <test-method status="PASS" signature="tearDown()[pri:0, instance:selenium.tests.LoginTest@1a49182]" name="tearDown" is-config="true" duration-ms="3409" started-at="2015-07-01T19:47:17Z" finished-at="2015-07-01T19:47:21Z">
          <reporter-output>
          </reporter-output>
        </test-method> <!-- tearDown -->
      </class> <!-- selenium.tests.LoginTest -->
    </test> <!-- Default test -->
  </suite> <!-- Default suite -->
</testng-results>
